<?xml version="1.0" encoding="UTF-8"?>
<!-- Generated by org.testng.reporters.JUnitReportReporter -->
<testsuite skipped="0" hostname="DESKTOP-HUCRIHH" name="Runner.AnyName" tests="10" failures="0" timestamp="2021-08-27T15:38:54 IST" time="67.876" errors="0">
  <testcase name="runScenario" time="22.176" classname="Runner.AnyName"/>
  <system-out/>
  <testcase name="runScenario" time="1.628" classname="Runner.AnyName"/>
  <system-out/>
  <testcase name="runScenario" time="1.618" classname="Runner.AnyName"/>
  <system-out/>
  <testcase name="runScenario" time="1.769" classname="Runner.AnyName"/>
  <system-out/>
  <testcase name="runScenario" time="1.628" classname="Runner.AnyName"/>
  <system-out/>
  <testcase name="runScenario" time="32.102" classname="Runner.AnyName"/>
  <system-out/>
  <testcase name="runScenario" time="1.668" classname="Runner.AnyName"/>
  <system-out/>
  <testcase name="runScenario" time="1.789" classname="Runner.AnyName"/>
  <system-out/>
  <testcase name="runScenario" time="1.699" classname="Runner.AnyName"/>
  <system-out/>
  <testcase name="runScenario" time="1.799" classname="Runner.AnyName"/>
  <system-out/>
</testsuite> <!-- Runner.AnyName -->
